TN:
SF:src/index.js
FN:14,getProvider
FN:39,analyzeFailure
FN:138,getSuggestionForRevert
FN:151,getPanicSuggestion
FN:168,(anonymous_4)
FN:274,(anonymous_5)
FN:278,(anonymous_6)
FNF:7
FNH:6
FNDA:29,getProvider
FNDA:23,analyzeFailure
FNDA:8,getSuggestionForRevert
FNDA:7,getPanicSuggestion
FNDA:34,(anonymous_4)
FNDA:1,(anonymous_5)
FNDA:0,(anonymous_6)
DA:1,1
DA:2,1
DA:3,1
DA:4,1
DA:6,1
DA:7,1
DA:8,1
DA:10,1
DA:11,1
DA:12,1
DA:15,29
DA:16,29
DA:17,29
DA:18,28
DA:20,1
DA:21,1
DA:25,1
DA:40,23
DA:41,23
DA:44,23
DA:45,1
DA:55,22
DA:56,22
DA:57,22
DA:68,21
DA:69,18
DA:70,3
DA:71,1
DA:72,2
DA:74,2
DA:75,2
DA:80,22
DA:81,9
DA:82,9
DA:83,9
DA:84,8
DA:85,8
DA:93,1
DA:104,13
DA:105,8
DA:106,8
DA:107,8
DA:108,7
DA:109,7
DA:110,7
DA:118,1
DA:129,5
DA:139,8
DA:140,8
DA:141,8
DA:142,7
DA:143,6
DA:144,5
DA:145,4
DA:146,3
DA:147,2
DA:148,1
DA:152,7
DA:164,7
DA:168,1
DA:169,34
DA:172,34
DA:173,5
DA:180,29
DA:181,29
DA:183,29
DA:190,28
DA:191,2
DA:199,26
DA:200,1
DA:222,25
DA:223,25
DA:225,25
DA:226,25
DA:227,25
DA:229,25
DA:252,25
DA:253,2
DA:257,23
DA:258,23
DA:265,1
DA:266,1
DA:274,1
DA:277,1
DA:278,0
DA:279,0
DA:280,0
DA:281,0
DA:285,1
LF:89
LH:85
BRDA:10,0,0,1
BRDA:10,0,1,0
BRDA:11,1,0,1
BRDA:11,1,1,0
BRDA:12,2,0,1
BRDA:12,2,1,0
BRDA:44,3,0,1
BRDA:44,3,1,22
BRDA:68,4,0,18
BRDA:68,4,1,3
BRDA:70,5,0,1
BRDA:70,5,1,2
BRDA:70,6,0,3
BRDA:70,6,1,1
BRDA:72,7,0,2
BRDA:72,7,1,0
BRDA:75,8,0,1
BRDA:75,8,1,1
BRDA:80,9,0,9
BRDA:80,9,1,13
BRDA:80,10,0,22
BRDA:80,10,1,22
BRDA:104,11,0,8
BRDA:104,11,1,5
BRDA:104,12,0,13
BRDA:104,12,1,13
BRDA:109,13,0,7
BRDA:109,13,1,1
BRDA:132,14,0,3
BRDA:132,14,1,2
BRDA:139,15,0,0
BRDA:139,15,1,8
BRDA:141,16,0,1
BRDA:141,16,1,7
BRDA:141,17,0,8
BRDA:141,17,1,7
BRDA:142,18,0,1
BRDA:142,18,1,6
BRDA:142,19,0,7
BRDA:142,19,1,6
BRDA:143,20,0,1
BRDA:143,20,1,5
BRDA:143,21,0,6
BRDA:143,21,1,5
BRDA:143,21,2,5
BRDA:144,22,0,1
BRDA:144,22,1,4
BRDA:144,23,0,5
BRDA:144,23,1,4
BRDA:145,24,0,1
BRDA:145,24,1,3
BRDA:145,25,0,4
BRDA:145,25,1,3
BRDA:146,26,0,1
BRDA:146,26,1,2
BRDA:146,27,0,3
BRDA:146,27,1,2
BRDA:147,28,0,1
BRDA:147,28,1,1
BRDA:147,29,0,2
BRDA:147,29,1,1
BRDA:164,30,0,7
BRDA:164,30,1,1
BRDA:172,31,0,5
BRDA:172,31,1,29
BRDA:190,32,0,2
BRDA:190,32,1,26
BRDA:199,33,0,1
BRDA:199,33,1,25
BRDA:223,34,0,24
BRDA:223,34,1,1
BRDA:231,35,0,2
BRDA:231,35,1,23
BRDA:252,36,0,2
BRDA:252,36,1,23
BRDA:277,37,0,0
BRDA:277,37,1,1
BRF:77
BRH:71
end_of_record
