TN:
SF:src/index.js
FN:25,(anonymous_0)
FN:32,(anonymous_1)
FN:37,getProvider
FN:63,analyzeFailure
FN:162,getSuggestionForRevert
FN:175,getPanicSuggestion
FN:193,buildDatetime
FN:205,(anonymous_7)
FN:325,(anonymous_8)
FN:435,(anonymous_9)
FN:439,(anonymous_10)
FNF:11
FNH:10
FNDA:2,(anonymous_0)
FNDA:4,(anonymous_1)
FNDA:41,getProvider
FNDA:25,analyzeFailure
FNDA:8,getSuggestionForRevert
FNDA:7,getPanicSuggestion
FNDA:35,buildDatetime
FNDA:8,(anonymous_7)
FNDA:39,(anonymous_8)
FNDA:1,(anonymous_9)
FNDA:0,(anonymous_10)
DA:1,1
DA:2,1
DA:3,1
DA:4,1
DA:6,1
DA:7,1
DA:8,1
DA:11,1
DA:12,1
DA:14,1
DA:15,1
DA:16,1
DA:17,1
DA:18,1
DA:20,1
DA:25,2
DA:32,4
DA:38,41
DA:39,41
DA:40,41
DA:41,41
DA:42,40
DA:44,1
DA:45,1
DA:49,1
DA:64,25
DA:65,25
DA:68,25
DA:69,3
DA:79,22
DA:80,22
DA:81,22
DA:92,21
DA:93,18
DA:94,3
DA:95,1
DA:96,2
DA:98,2
DA:99,2
DA:104,22
DA:105,9
DA:106,9
DA:107,9
DA:108,8
DA:109,8
DA:117,1
DA:128,13
DA:129,8
DA:130,8
DA:131,8
DA:132,7
DA:133,7
DA:134,7
DA:142,1
DA:153,5
DA:163,8
DA:164,8
DA:165,8
DA:166,7
DA:167,6
DA:168,5
DA:169,4
DA:170,3
DA:171,2
DA:172,1
DA:176,7
DA:188,7
DA:194,35
DA:195,33
DA:205,1
DA:206,8
DA:207,8
DA:209,8
DA:210,1
DA:217,7
DA:218,0
DA:225,7
DA:227,7
DA:228,7
DA:230,7
DA:236,7
DA:237,1
DA:244,6
DA:245,1
DA:268,5
DA:269,5
DA:270,5
DA:272,5
DA:273,5
DA:274,5
DA:276,5
DA:302,5
DA:303,4
DA:306,1
DA:307,1
DA:314,0
DA:315,0
DA:325,1
DA:326,39
DA:329,39
DA:330,5
DA:337,34
DA:338,34
DA:340,34
DA:347,33
DA:348,2
DA:356,31
DA:357,1
DA:379,30
DA:380,30
DA:383,30
DA:385,30
DA:386,30
DA:387,30
DA:389,30
DA:413,30
DA:414,6
DA:418,24
DA:419,24
DA:426,1
DA:427,1
DA:435,1
DA:438,1
DA:439,0
DA:440,0
DA:441,0
DA:442,0
DA:443,0
DA:444,0
DA:448,1
LF:130
LH:121
BRDA:14,0,0,1
BRDA:14,0,1,0
BRDA:15,1,0,1
BRDA:15,1,1,0
BRDA:16,2,0,1
BRDA:16,2,1,0
BRDA:17,3,0,1
BRDA:17,3,1,0
BRDA:18,4,0,1
BRDA:18,4,1,0
BRDA:37,5,0,0
BRDA:38,6,0,41
BRDA:38,6,1,0
BRDA:68,7,0,3
BRDA:68,7,1,22
BRDA:92,8,0,18
BRDA:92,8,1,3
BRDA:94,9,0,1
BRDA:94,9,1,2
BRDA:94,10,0,3
BRDA:94,10,1,1
BRDA:96,11,0,2
BRDA:96,11,1,0
BRDA:99,12,0,1
BRDA:99,12,1,1
BRDA:104,13,0,9
BRDA:104,13,1,13
BRDA:104,14,0,22
BRDA:104,14,1,22
BRDA:128,15,0,8
BRDA:128,15,1,5
BRDA:128,16,0,13
BRDA:128,16,1,13
BRDA:133,17,0,7
BRDA:133,17,1,1
BRDA:156,18,0,3
BRDA:156,18,1,2
BRDA:163,19,0,0
BRDA:163,19,1,8
BRDA:165,20,0,1
BRDA:165,20,1,7
BRDA:165,21,0,8
BRDA:165,21,1,7
BRDA:166,22,0,1
BRDA:166,22,1,6
BRDA:166,23,0,7
BRDA:166,23,1,6
BRDA:167,24,0,1
BRDA:167,24,1,5
BRDA:167,25,0,6
BRDA:167,25,1,5
BRDA:167,25,2,5
BRDA:168,26,0,1
BRDA:168,26,1,4
BRDA:168,27,0,5
BRDA:168,27,1,4
BRDA:169,28,0,1
BRDA:169,28,1,3
BRDA:169,29,0,4
BRDA:169,29,1,3
BRDA:170,30,0,1
BRDA:170,30,1,2
BRDA:170,31,0,3
BRDA:170,31,1,2
BRDA:171,32,0,1
BRDA:171,32,1,1
BRDA:171,33,0,2
BRDA:171,33,1,1
BRDA:188,34,0,7
BRDA:188,34,1,1
BRDA:194,35,0,2
BRDA:194,35,1,33
BRDA:194,36,0,35
BRDA:194,36,1,33
BRDA:207,37,0,8
BRDA:207,37,1,1
BRDA:209,38,0,1
BRDA:209,38,1,7
BRDA:217,39,0,0
BRDA:217,39,1,7
BRDA:236,40,0,1
BRDA:236,40,1,6
BRDA:244,41,0,1
BRDA:244,41,1,5
BRDA:269,42,0,5
BRDA:269,42,1,0
BRDA:280,43,0,4
BRDA:280,43,1,1
BRDA:302,44,0,4
BRDA:302,44,1,1
BRDA:329,45,0,5
BRDA:329,45,1,34
BRDA:347,46,0,2
BRDA:347,46,1,31
BRDA:356,47,0,1
BRDA:356,47,1,30
BRDA:380,48,0,28
BRDA:380,48,1,2
BRDA:391,49,0,6
BRDA:391,49,1,24
BRDA:413,50,0,6
BRDA:413,50,1,24
BRDA:438,51,0,0
BRDA:438,51,1,1
BRF:104
BRH:92
end_of_record
